Using pre-set license
Built from '2020.3/staging' branch; Version is '2020.3.8f1 (507919d4fff5) revision 5273881'; Using compiler version '192528614'; Build Type 'Release'
OS: 'Windows 10 Pro; OS build 19042.985; Version 2009; 64bit' Language: 'en' Physical Memory: 16316 MB
BatchMode: 1, IsHumanControllingUs: 0, StartBugReporterOnCrash: 0, Is64bit: 1, IsPro: 0

 COMMAND LINE ARGUMENTS:
C:\Program Files\Unity\Hub\Editor\2020.3.8f1\Editor\Unity.exe
-adb2
-batchMode
-noUpm
-name
AssetImportWorker0
-projectPath
F:/Github/AEM-VR-Embodiment/Robot Hand Project
-logFile
Logs/AssetImportWorker0.log
-srvPort
53940
Successfully changed project path to: F:/Github/AEM-VR-Embodiment/Robot Hand Project
F:/Github/AEM-VR-Embodiment/Robot Hand Project
Using Asset Import Pipeline V2.
Refreshing native plugins compatible for Editor in 30.62 ms, found 6 plugins.
Preloading 0 native plugins for Editor in 0.00 ms.
Initialize engine version: 2020.3.8f1 (507919d4fff5)
[Subsystems] Discovering subsystems at path C:/Program Files/Unity/Hub/Editor/2020.3.8f1/Editor/Data/Resources/UnitySubsystems
[Subsystems] Discovering subsystems at path F:/Github/AEM-VR-Embodiment/Robot Hand Project/Assets
GfxDevice: creating device client; threaded=0
Direct3D:
    Version:  Direct3D 11.0 [level 11.1]
    Renderer: NVIDIA GeForce GTX 1060 6GB (ID=0x1c03)
    Vendor:   
    VRAM:     6052 MB
    Driver:   27.21.14.5671
Initialize mono
Mono path[0] = 'C:/Program Files/Unity/Hub/Editor/2020.3.8f1/Editor/Data/Managed'
Mono path[1] = 'C:/Program Files/Unity/Hub/Editor/2020.3.8f1/Editor/Data/MonoBleedingEdge/lib/mono/unityjit'
Mono config path = 'C:/Program Files/Unity/Hub/Editor/2020.3.8f1/Editor/Data/MonoBleedingEdge/etc'
Using monoOptions --debugger-agent=transport=dt_socket,embedding=1,server=y,suspend=n,address=127.0.0.1:56916
Begin MonoManager ReloadAssembly
Registering precompiled unity dll's ...
Register platform support module: C:/Program Files/Unity/Hub/Editor/2020.3.8f1/Editor/Data/PlaybackEngines/WindowsStandaloneSupport/UnityEditor.WindowsStandalone.Extensions.dll
Registered in 0.001592 seconds.
Native extension for WindowsStandalone target not found
Refreshing native plugins compatible for Editor in 26.66 ms, found 6 plugins.
Preloading 0 native plugins for Editor in 0.00 ms.
Mono: successfully reloaded assembly
- Completed reload, in  0.831 seconds
Platform modules already initialized, skipping
Registering precompiled user dll's ...
Registered in 0.002469 seconds.
Begin MonoManager ReloadAssembly
Native extension for WindowsStandalone target not found
Refreshing native plugins compatible for Editor in 25.25 ms, found 6 plugins.
Preloading 0 native plugins for Editor in 0.00 ms.
Mono: successfully reloaded assembly
- Completed reload, in  0.827 seconds
Platform modules already initialized, skipping
========================================================================
Worker process is ready to serve import requests
Launched and connected shader compiler UnityShaderCompiler.exe after 0.03 seconds
Refreshing native plugins compatible for Editor in 0.42 ms, found 6 plugins.
Preloading 0 native plugins for Editor in 0.00 ms.
Unloading 1738 Unused Serialized files (Serialized files now loaded: 0)
System memory in use before: 82.5 MB.
System memory in use after: 82.4 MB.

Unloading 29 unused Assets to reduce memory usage. Loaded Objects now: 2186.
Total: 1.812000 ms (FindLiveObjects: 0.150000 ms CreateObjectMapping: 0.040300 ms MarkObjects: 1.563600 ms  DeleteObjects: 0.057400 ms)

========================================================================
Received Import Request.
  path: Assets/Prefab/Button 1.prefab
  artifactKey: Guid(e2d132f815a50094bba46a432ac8de6d) Importer(815301076,1909f56bfc062723c751e8b465ee728b)
Start importing Assets/Prefab/Button 1.prefab using Guid(e2d132f815a50094bba46a432ac8de6d) Importer(815301076,1909f56bfc062723c751e8b465ee728b)  -> (artifact id: '48919e958d825ad0a22e2755809d3b26') in 0.073331 seconds
  Import took 0.075596 seconds .

========================================================================
Received Import Request.
  Time since last request: 0.000273 seconds.
  path: Assets/Prefab/Buttontest.prefab
  artifactKey: Guid(5d7a1ab1b31cd62418e51f1ef3a37fd7) Importer(815301076,1909f56bfc062723c751e8b465ee728b)
Start importing Assets/Prefab/Buttontest.prefab using Guid(5d7a1ab1b31cd62418e51f1ef3a37fd7) Importer(815301076,1909f56bfc062723c751e8b465ee728b)  -> (artifact id: '0fcf070a52c9427dd02b828a1deee196') in 0.006977 seconds
  Import took 0.009072 seconds .

========================================================================
Received Import Request.
  Time since last request: 34.480096 seconds.
  path: Assets/Material/Objects/Button 1/Button 1 mesh.mat
  artifactKey: Guid(91767bc8df2f6bd4495a4cccee47ecc6) Importer(815301076,1909f56bfc062723c751e8b465ee728b)
Start importing Assets/Material/Objects/Button 1/Button 1 mesh.mat using Guid(91767bc8df2f6bd4495a4cccee47ecc6) Importer(815301076,1909f56bfc062723c751e8b465ee728b)  -> (artifact id: '13dc52ffe843656b06b5b7e8faf35ba9') in 0.019682 seconds
  Import took 0.022099 seconds .

========================================================================
Received Import Request.
  Time since last request: 0.002597 seconds.
  path: Assets/Material/Objects/Button 1/Button.mat
  artifactKey: Guid(c0dd0f06d7ffee446955f868951c6759) Importer(815301076,1909f56bfc062723c751e8b465ee728b)
Start importing Assets/Material/Objects/Button 1/Button.mat using Guid(c0dd0f06d7ffee446955f868951c6759) Importer(815301076,1909f56bfc062723c751e8b465ee728b)  -> (artifact id: '827a221944d55731edd33e442c3d3e52') in 0.007148 seconds
  Import took 0.009262 seconds .

AssetImportWorkerClient::OnTransportError - code=2 error=End of file
