Using pre-set license
Built from '2020.3/staging' branch; Version is '2020.3.8f1 (507919d4fff5) revision 5273881'; Using compiler version '192528614'; Build Type 'Release'
OS: 'Windows 10 Home; OS build 19042.985; Version 2009; 64bit' Language: 'en' Physical Memory: 16189 MB
BatchMode: 1, IsHumanControllingUs: 0, StartBugReporterOnCrash: 0, Is64bit: 1, IsPro: 0

 COMMAND LINE ARGUMENTS:
C:\Program Files\Unity\Hub\Editor\2020.3.8f1\Editor\Unity.exe
-adb2
-batchMode
-noUpm
-name
AssetImportWorker0
-projectPath
C:/Users/aksha/Documents/GitHub/AEM-VR-Embodiment/Mock_HMD
-logFile
Logs/AssetImportWorker0.log
-srvPort
54713
Successfully changed project path to: C:/Users/aksha/Documents/GitHub/AEM-VR-Embodiment/Mock_HMD
C:/Users/aksha/Documents/GitHub/AEM-VR-Embodiment/Mock_HMD
Using Asset Import Pipeline V2.
Refreshing native plugins compatible for Editor in 56.39 ms, found 6 plugins.
Preloading 0 native plugins for Editor in 0.00 ms.
Initialize engine version: 2020.3.8f1 (507919d4fff5)
[Subsystems] Discovering subsystems at path C:/Program Files/Unity/Hub/Editor/2020.3.8f1/Editor/Data/Resources/UnitySubsystems
[Subsystems] Discovering subsystems at path C:/Users/aksha/Documents/GitHub/AEM-VR-Embodiment/Mock_HMD/Assets
GfxDevice: creating device client; threaded=0
Direct3D:
    Version:  Direct3D 11.0 [level 11.1]
    Renderer: NVIDIA Quadro P1000 (ID=0x1cbb)
    Vendor:   
    VRAM:     4019 MB
    Driver:   27.21.14.5269
Initialize mono
Mono path[0] = 'C:/Program Files/Unity/Hub/Editor/2020.3.8f1/Editor/Data/Managed'
Mono path[1] = 'C:/Program Files/Unity/Hub/Editor/2020.3.8f1/Editor/Data/MonoBleedingEdge/lib/mono/unityjit'
Mono config path = 'C:/Program Files/Unity/Hub/Editor/2020.3.8f1/Editor/Data/MonoBleedingEdge/etc'
Using monoOptions --debugger-agent=transport=dt_socket,embedding=1,server=y,suspend=n,address=127.0.0.1:56776
Begin MonoManager ReloadAssembly
Registering precompiled unity dll's ...
Register platform support module: C:/Program Files/Unity/Hub/Editor/2020.3.8f1/Editor/Data/PlaybackEngines/WindowsStandaloneSupport/UnityEditor.WindowsStandalone.Extensions.dll
Registered in 0.002022 seconds.
Native extension for WindowsStandalone target not found
Refreshing native plugins compatible for Editor in 44.37 ms, found 6 plugins.
Preloading 0 native plugins for Editor in 0.00 ms.
Mono: successfully reloaded assembly
- Completed reload, in  1.672 seconds
Platform modules already initialized, skipping
Registering precompiled user dll's ...
Registered in 0.004408 seconds.
Begin MonoManager ReloadAssembly
Native extension for WindowsStandalone target not found
Refreshing native plugins compatible for Editor in 47.95 ms, found 6 plugins.
Preloading 0 native plugins for Editor in 0.00 ms.
Mono: successfully reloaded assembly
- Completed reload, in  1.143 seconds
Platform modules already initialized, skipping
========================================================================
Worker process is ready to serve import requests
Launched and connected shader compiler UnityShaderCompiler.exe after 0.07 seconds
Refreshing native plugins compatible for Editor in 0.64 ms, found 6 plugins.
Preloading 0 native plugins for Editor in 0.00 ms.
Unloading 2339 Unused Serialized files (Serialized files now loaded: 0)
System memory in use before: 185.4 MB.
System memory in use after: 185.3 MB.

Unloading 130 unused Assets to reduce memory usage. Loaded Objects now: 2794.
Total: 2.779700 ms (FindLiveObjects: 0.240700 ms CreateObjectMapping: 0.088200 ms MarkObjects: 2.259300 ms  DeleteObjects: 0.190600 ms)

========================================================================
Received Import Request.
  path: Assets/VR Touch (H).unity
  artifactKey: Guid(2227c247e30a8f44195794cf6d96b02d) Importer(815301076,1909f56bfc062723c751e8b465ee728b)
Start importing Assets/VR Touch (H).unity using Guid(2227c247e30a8f44195794cf6d96b02d) Importer(815301076,1909f56bfc062723c751e8b465ee728b)  -> (artifact id: 'b298ec681b8ea26fdcb7705aa4a96013') in 0.010209 seconds
  Import took 0.013541 seconds .

========================================================================
Received Import Request.
  Time since last request: 82.967743 seconds.
  path: Assets/VR Touch (R).unity
  artifactKey: Guid(bd91ea4f3bcc2b14e96b84cb5028993a) Importer(815301076,1909f56bfc062723c751e8b465ee728b)
Start importing Assets/VR Touch (R).unity using Guid(bd91ea4f3bcc2b14e96b84cb5028993a) Importer(815301076,1909f56bfc062723c751e8b465ee728b)  -> (artifact id: 'f57c3fa84b29a9e79984173ffd6966dd') in 0.008715 seconds
  Import took 0.014676 seconds .

========================================================================
Received Import Request.
  Time since last request: 42.668003 seconds.
  path: Assets/VR Task (R).unity
  artifactKey: Guid(837af80620753b344a080816c3323ddb) Importer(815301076,1909f56bfc062723c751e8b465ee728b)
Start importing Assets/VR Task (R).unity using Guid(837af80620753b344a080816c3323ddb) Importer(815301076,1909f56bfc062723c751e8b465ee728b)  -> (artifact id: 'c10d17276169f9b18fa9e1690d239ea8') in 0.006468 seconds
  Import took 0.010119 seconds .

========================================================================
Received Import Request.
  Time since last request: 4.662082 seconds.
  path: Assets/VR Task (H).unity
  artifactKey: Guid(fc015b0fb7a9d8a43892ce0cc965a175) Importer(815301076,1909f56bfc062723c751e8b465ee728b)
Start importing Assets/VR Task (H).unity using Guid(fc015b0fb7a9d8a43892ce0cc965a175) Importer(815301076,1909f56bfc062723c751e8b465ee728b)  -> (artifact id: '02101c1761ae9ab909463bf46cb5c439') in 0.006057 seconds
  Import took 0.009548 seconds .

========================================================================
Received Prepare
Registering precompiled user dll's ...
Registered in 0.008936 seconds.
Begin MonoManager ReloadAssembly
Native extension for WindowsStandalone target not found
Refreshing native plugins compatible for Editor in 0.60 ms, found 6 plugins.
Preloading 0 native plugins for Editor in 0.00 ms.
Warning: Annotation not found!
UnityEngine.StackTraceUtility:ExtractStackTrace ()
UnityEditor.ProBuilder.EditorUtility:SetGizmoIconEnabled (System.Type,bool) (at Library/PackageCache/com.unity.probuilder@4.5.0/Editor/EditorCore/EditorUtility.cs:593)
UnityEditor.ProBuilder.HierarchyListener:.cctor () (at Library/PackageCache/com.unity.probuilder@4.5.0/Editor/EditorCore/HierarchyListener.cs:21)
System.Runtime.CompilerServices.RuntimeHelpers:RunClassConstructor (System.RuntimeTypeHandle)
UnityEditor.EditorAssemblies:ProcessInitializeOnLoadAttributes (System.Type[])

[Library/PackageCache/com.unity.probuilder@4.5.0/Editor/EditorCore/EditorUtility.cs line 593]

Mono: successfully reloaded assembly
- Completed reload, in  0.987 seconds
Platform modules already initialized, skipping
Refreshing native plugins compatible for Editor in 0.64 ms, found 6 plugins.
Preloading 0 native plugins for Editor in 0.00 ms.
Unloading 2257 Unused Serialized files (Serialized files now loaded: 0)
System memory in use before: 179.1 MB.
System memory in use after: 179.2 MB.

Unloading 23 unused Assets to reduce memory usage. Loaded Objects now: 2798.
Total: 2.863300 ms (FindLiveObjects: 0.351300 ms CreateObjectMapping: 0.090800 ms MarkObjects: 2.326000 ms  DeleteObjects: 0.094000 ms)

========================================================================
Received Import Request.
  Time since last request: 55.592612 seconds.
  path: Assets/VR Threaten (H).unity
  artifactKey: Guid(ce9f9e88adf341a4da09f82419c84d25) Importer(815301076,1909f56bfc062723c751e8b465ee728b)
Start importing Assets/VR Threaten (H).unity using Guid(ce9f9e88adf341a4da09f82419c84d25) Importer(815301076,1909f56bfc062723c751e8b465ee728b)  -> (artifact id: '3037506be3e14922e47513dbf4dda229') in 0.015841 seconds
  Import took 0.019964 seconds .

========================================================================
Received Prepare
Registering precompiled user dll's ...
Registered in 0.004930 seconds.
Begin MonoManager ReloadAssembly
Native extension for WindowsStandalone target not found
Refreshing native plugins compatible for Editor in 0.62 ms, found 6 plugins.
Preloading 0 native plugins for Editor in 0.00 ms.
Warning: Annotation not found!
UnityEngine.StackTraceUtility:ExtractStackTrace ()
UnityEditor.ProBuilder.EditorUtility:SetGizmoIconEnabled (System.Type,bool) (at Library/PackageCache/com.unity.probuilder@4.5.0/Editor/EditorCore/EditorUtility.cs:593)
UnityEditor.ProBuilder.HierarchyListener:.cctor () (at Library/PackageCache/com.unity.probuilder@4.5.0/Editor/EditorCore/HierarchyListener.cs:21)
System.Runtime.CompilerServices.RuntimeHelpers:RunClassConstructor (System.RuntimeTypeHandle)
UnityEditor.EditorAssemblies:ProcessInitializeOnLoadAttributes (System.Type[])

[Library/PackageCache/com.unity.probuilder@4.5.0/Editor/EditorCore/EditorUtility.cs line 593]

Mono: successfully reloaded assembly
- Completed reload, in  0.922 seconds
Platform modules already initialized, skipping
Refreshing native plugins compatible for Editor in 0.62 ms, found 6 plugins.
Preloading 0 native plugins for Editor in 0.00 ms.
Unloading 2257 Unused Serialized files (Serialized files now loaded: 0)
System memory in use before: 179.1 MB.
System memory in use after: 179.3 MB.

Unloading 23 unused Assets to reduce memory usage. Loaded Objects now: 2802.
Total: 2.473200 ms (FindLiveObjects: 0.211100 ms CreateObjectMapping: 0.089000 ms MarkObjects: 2.078000 ms  DeleteObjects: 0.094400 ms)

========================================================================
Received Import Request.
  Time since last request: 620.736969 seconds.
  path: Assets/Scripts
  artifactKey: Guid(cc9fd27bb00566b46b6ffd0503072d62) Importer(815301076,1909f56bfc062723c751e8b465ee728b)
Start importing Assets/Scripts using Guid(cc9fd27bb00566b46b6ffd0503072d62) Importer(815301076,1909f56bfc062723c751e8b465ee728b)  -> (artifact id: '5d82a5da51689041083642d22cea7a6d') in 0.009385 seconds
  Import took 0.012879 seconds .

========================================================================
Received Import Request.
  Time since last request: 1.850772 seconds.
  path: Assets/Scripts/Robot Hand.obj
  artifactKey: Guid(eafc1abc4a3cb0547ab974a5c258f2af) Importer(815301076,1909f56bfc062723c751e8b465ee728b)
Start importing Assets/Scripts/Robot Hand.obj using Guid(eafc1abc4a3cb0547ab974a5c258f2af) Importer(815301076,1909f56bfc062723c751e8b465ee728b)  -> (artifact id: '90daf7bcfbf2ed628f88692a181d03a6') in 0.184410 seconds
  Import took 0.187994 seconds .

========================================================================
Received Import Request.
  Time since last request: 9.689958 seconds.
  path: Assets/Scripts/HandButton.cs
  artifactKey: Guid(458e459fdda0aac46af7d5fe021e84b8) Importer(815301076,1909f56bfc062723c751e8b465ee728b)
Start importing Assets/Scripts/HandButton.cs using Guid(458e459fdda0aac46af7d5fe021e84b8) Importer(815301076,1909f56bfc062723c751e8b465ee728b)  -> (artifact id: '488e12f428b1305b1dd65e9ec6838085') in 0.010974 seconds
  Import took 0.014470 seconds .

========================================================================
Received Prepare
Registering precompiled user dll's ...
Registered in 0.004543 seconds.
Begin MonoManager ReloadAssembly
Native extension for WindowsStandalone target not found
Refreshing native plugins compatible for Editor in 0.60 ms, found 6 plugins.
Preloading 0 native plugins for Editor in 0.00 ms.
Warning: Annotation not found!
UnityEngine.StackTraceUtility:ExtractStackTrace ()
UnityEditor.ProBuilder.EditorUtility:SetGizmoIconEnabled (System.Type,bool) (at Library/PackageCache/com.unity.probuilder@4.5.0/Editor/EditorCore/EditorUtility.cs:593)
UnityEditor.ProBuilder.HierarchyListener:.cctor () (at Library/PackageCache/com.unity.probuilder@4.5.0/Editor/EditorCore/HierarchyListener.cs:21)
System.Runtime.CompilerServices.RuntimeHelpers:RunClassConstructor (System.RuntimeTypeHandle)
UnityEditor.EditorAssemblies:ProcessInitializeOnLoadAttributes (System.Type[])

[Library/PackageCache/com.unity.probuilder@4.5.0/Editor/EditorCore/EditorUtility.cs line 593]

Mono: successfully reloaded assembly
- Completed reload, in  0.915 seconds
Platform modules already initialized, skipping
Refreshing native plugins compatible for Editor in 0.62 ms, found 6 plugins.
Preloading 0 native plugins for Editor in 0.00 ms.
Unloading 2257 Unused Serialized files (Serialized files now loaded: 0)
System memory in use before: 179.0 MB.
System memory in use after: 179.2 MB.

Unloading 23 unused Assets to reduce memory usage. Loaded Objects now: 2848.
Total: 2.771400 ms (FindLiveObjects: 0.207000 ms CreateObjectMapping: 0.083900 ms MarkObjects: 2.393000 ms  DeleteObjects: 0.086300 ms)

========================================================================
Received Import Request.
  Time since last request: 34.842426 seconds.
  path: Assets/XR/Settings/Open XR Package Settings.asset
  artifactKey: Guid(30b97f1d43280ee43ab93b5c5e307420) Importer(815301076,1909f56bfc062723c751e8b465ee728b)
Start importing Assets/XR/Settings/Open XR Package Settings.asset using Guid(30b97f1d43280ee43ab93b5c5e307420) Importer(815301076,1909f56bfc062723c751e8b465ee728b)  -> (artifact id: '2a50832d359765e925a0bab211d80f65') in 0.020810 seconds
  Import took 0.024517 seconds .

========================================================================
Received Import Request.
  Time since last request: 0.000291 seconds.
  path: Assets/Prefabs/Axe/axe.obj
  artifactKey: Guid(c160772856436f4418a29e03faa16e3e) Importer(815301076,1909f56bfc062723c751e8b465ee728b)
Start importing Assets/Prefabs/Axe/axe.obj using Guid(c160772856436f4418a29e03faa16e3e) Importer(815301076,1909f56bfc062723c751e8b465ee728b)  -> (artifact id: '56a2e6c4bb4036fcd9f47605bba4a47c') in 0.065586 seconds
  Import took 0.068970 seconds .

========================================================================
Received Import Request.
  Time since last request: 0.000220 seconds.
  path: Assets/Prefabs/Axe/axe.png
  artifactKey: Guid(f79074e16e670c84ba279f50e0981dd3) Importer(815301076,1909f56bfc062723c751e8b465ee728b)
Start importing Assets/Prefabs/Axe/axe.png using Guid(f79074e16e670c84ba279f50e0981dd3) Importer(815301076,1909f56bfc062723c751e8b465ee728b)  -> (artifact id: 'e0ddcc6507e5fe07de661e8dcaa60725') in 0.096046 seconds
  Import took 0.099713 seconds .

========================================================================
Received Import Request.
  Time since last request: 0.000236 seconds.
  path: Assets/Prefabs/Axe/axe.obj
  artifactKey: Guid(c160772856436f4418a29e03faa16e3e) Importer(815301076,1909f56bfc062723c751e8b465ee728b)
Start importing Assets/Prefabs/Axe/axe.obj using Guid(c160772856436f4418a29e03faa16e3e) Importer(815301076,1909f56bfc062723c751e8b465ee728b)  -> (artifact id: '56a2e6c4bb4036fcd9f47605bba4a47c') in 0.017202 seconds
  Import took 0.020959 seconds .

========================================================================
Received Import Request.
  Time since last request: 0.000239 seconds.
  path: Assets/Prefabs/Axe/axe.png
  artifactKey: Guid(f79074e16e670c84ba279f50e0981dd3) Importer(815301076,1909f56bfc062723c751e8b465ee728b)
Start importing Assets/Prefabs/Axe/axe.png using Guid(f79074e16e670c84ba279f50e0981dd3) Importer(815301076,1909f56bfc062723c751e8b465ee728b)  -> (artifact id: 'e0ddcc6507e5fe07de661e8dcaa60725') in 0.009165 seconds
  Import took 0.012722 seconds .

========================================================================
Received Import Request.
  Time since last request: 0.000290 seconds.
  path: Assets/Prefabs/Axe/Materials/axeMat.mat
  artifactKey: Guid(6a16e8c192f93dd4f92aaec56b00dd46) Importer(815301076,1909f56bfc062723c751e8b465ee728b)
Start importing Assets/Prefabs/Axe/Materials/axeMat.mat using Guid(6a16e8c192f93dd4f92aaec56b00dd46) Importer(815301076,1909f56bfc062723c751e8b465ee728b)  -> (artifact id: '1a00e28e5a1737b472f64236c7ede226') in 0.032932 seconds
  Import took 0.036988 seconds .

========================================================================
Received Import Request.
  Time since last request: 0.000294 seconds.
  path: Assets/Prefabs/Axe/axe.prefab
  artifactKey: Guid(a6f75ae2198bd1e47b95c317412b3ef3) Importer(815301076,1909f56bfc062723c751e8b465ee728b)
Start importing Assets/Prefabs/Axe/axe.prefab using Guid(a6f75ae2198bd1e47b95c317412b3ef3) Importer(815301076,1909f56bfc062723c751e8b465ee728b)  -> (artifact id: '06c02fb764ca66b7672ae3136b648424') in 0.010523 seconds
  Import took 0.014247 seconds .

========================================================================
Received Import Request.
  Time since last request: 0.000290 seconds.
  path: Assets/XR/Settings/Open XR Package Settings.asset
  artifactKey: Guid(30b97f1d43280ee43ab93b5c5e307420) Importer(815301076,1909f56bfc062723c751e8b465ee728b)
Start importing Assets/XR/Settings/Open XR Package Settings.asset using Guid(30b97f1d43280ee43ab93b5c5e307420) Importer(815301076,1909f56bfc062723c751e8b465ee728b)  -> (artifact id: '2a50832d359765e925a0bab211d80f65') in 0.004310 seconds
  Import took 0.007574 seconds .

========================================================================
Received Prepare
Registering precompiled user dll's ...
Registered in 0.004707 seconds.
Begin MonoManager ReloadAssembly
Native extension for WindowsStandalone target not found
Refreshing native plugins compatible for Editor in 0.61 ms, found 6 plugins.
Preloading 0 native plugins for Editor in 0.00 ms.
Warning: Annotation not found!
UnityEngine.StackTraceUtility:ExtractStackTrace ()
UnityEditor.ProBuilder.EditorUtility:SetGizmoIconEnabled (System.Type,bool) (at Library/PackageCache/com.unity.probuilder@4.5.0/Editor/EditorCore/EditorUtility.cs:593)
UnityEditor.ProBuilder.HierarchyListener:.cctor () (at Library/PackageCache/com.unity.probuilder@4.5.0/Editor/EditorCore/HierarchyListener.cs:21)
System.Runtime.CompilerServices.RuntimeHelpers:RunClassConstructor (System.RuntimeTypeHandle)
UnityEditor.EditorAssemblies:ProcessInitializeOnLoadAttributes (System.Type[])

[Library/PackageCache/com.unity.probuilder@4.5.0/Editor/EditorCore/EditorUtility.cs line 593]

Mono: successfully reloaded assembly
- Completed reload, in  0.877 seconds
Platform modules already initialized, skipping
Refreshing native plugins compatible for Editor in 0.60 ms, found 6 plugins.
Preloading 0 native plugins for Editor in 0.00 ms.
Unloading 2258 Unused Serialized files (Serialized files now loaded: 0)
System memory in use before: 179.2 MB.
System memory in use after: 179.3 MB.

Unloading 37 unused Assets to reduce memory usage. Loaded Objects now: 2855.
Total: 2.791600 ms (FindLiveObjects: 0.213700 ms CreateObjectMapping: 0.090500 ms MarkObjects: 2.318800 ms  DeleteObjects: 0.167700 ms)

AssetImportWorkerClient::OnTransportError - code=2 error=End of file
