Using pre-set license
Built from '2020.3/release' branch; Version is '2020.3.7f1 (dd97f2c94397) revision 14522354'; Using compiler version '192528614'; Build Type 'Release'
OS: 'Windows 10 Pro; OS build 19042.985; Version 2009; 64bit' Language: 'en' Physical Memory: 16316 MB
BatchMode: 1, IsHumanControllingUs: 0, StartBugReporterOnCrash: 0, Is64bit: 1, IsPro: 0

 COMMAND LINE ARGUMENTS:
C:\Program Files\Unity\Hub\Editor\2020.3.7f1\Editor\Unity.exe
-adb2
-batchMode
-noUpm
-name
AssetImportWorker0
-projectPath
F:/Github/AEM-VR-Embodiment/Robor Hand ownership
-logFile
Logs/AssetImportWorker0.log
-srvPort
55538
Successfully changed project path to: F:/Github/AEM-VR-Embodiment/Robor Hand ownership
F:/Github/AEM-VR-Embodiment/Robor Hand ownership
Using Asset Import Pipeline V2.
Refreshing native plugins compatible for Editor in 29.51 ms, found 4 plugins.
Preloading 1 native plugins for Editor in 0.64 ms.
Initialize engine version: 2020.3.7f1 (dd97f2c94397)
[Subsystems] Discovering subsystems at path C:/Program Files/Unity/Hub/Editor/2020.3.7f1/Editor/Data/Resources/UnitySubsystems
[Subsystems] Discovering subsystems at path F:/Github/AEM-VR-Embodiment/Robor Hand ownership/Assets
GfxDevice: creating device client; threaded=0
Direct3D:
    Version:  Direct3D 11.0 [level 11.1]
    Renderer: NVIDIA GeForce GTX 1060 6GB (ID=0x1c03)
    Vendor:   
    VRAM:     6052 MB
    Driver:   27.21.14.5671
Initialize mono
Mono path[0] = 'C:/Program Files/Unity/Hub/Editor/2020.3.7f1/Editor/Data/Managed'
Mono path[1] = 'C:/Program Files/Unity/Hub/Editor/2020.3.7f1/Editor/Data/MonoBleedingEdge/lib/mono/unityjit'
Mono config path = 'C:/Program Files/Unity/Hub/Editor/2020.3.7f1/Editor/Data/MonoBleedingEdge/etc'
Using monoOptions --debugger-agent=transport=dt_socket,embedding=1,server=y,suspend=n,address=127.0.0.1:56596
Begin MonoManager ReloadAssembly
Registering precompiled unity dll's ...
Register platform support module: C:/Program Files/Unity/Hub/Editor/2020.3.7f1/Editor/Data/PlaybackEngines/WebGLSupport/UnityEditor.WebGL.Extensions.dll
Register platform support module: C:/Program Files/Unity/Hub/Editor/2020.3.7f1/Editor/Data/PlaybackEngines/WindowsStandaloneSupport/UnityEditor.WindowsStandalone.Extensions.dll
Registered in 0.002985 seconds.
Native extension for WindowsStandalone target not found
Native extension for WebGL target not found
Refreshing native plugins compatible for Editor in 24.17 ms, found 4 plugins.
Preloading 1 native plugins for Editor in 0.04 ms.
Mono: successfully reloaded assembly
- Completed reload, in  0.936 seconds
Platform modules already initialized, skipping
Registering precompiled user dll's ...
Registered in 0.001232 seconds.
Begin MonoManager ReloadAssembly
Native extension for WindowsStandalone target not found
Native extension for WebGL target not found
Refreshing native plugins compatible for Editor in 24.34 ms, found 4 plugins.
Preloading 1 native plugins for Editor in 0.04 ms.
[XR] OculusXRPlugin: registering subsystems
[XR] Unable to register display lifecyle provider: [1]
[XR] Oculus Input lifecycle provider registered.
[XR] Unable to register input lifecyle provider: [1]
NullReferenceException: Object reference not set to an instance of an object
  at Unity.XR.Oculus.OculusLoader.AssetPathToAbsolutePath (System.String assetPath) [0x00048] in F:\Github\AEM-VR-Embodiment\Robor Hand ownership\Library\PackageCache\com.unity.xr.oculus@1.9.1\Runtime\OculusLoader.cs:249 
  at Unity.XR.Oculus.OculusLoader.EditorLoadOVRPlugin () [0x0007b] in F:\Github\AEM-VR-Embodiment\Robor Hand ownership\Library\PackageCache\com.unity.xr.oculus@1.9.1\Runtime\OculusLoader.cs:234 

(Filename: Library/PackageCache/com.unity.xr.oculus@1.9.1/Runtime/OculusLoader.cs Line: 249)

Mono: successfully reloaded assembly
- Completed reload, in  0.799 seconds
Platform modules already initialized, skipping
========================================================================
Worker process is ready to serve import requests
Launched and connected shader compiler UnityShaderCompiler.exe after 0.04 seconds
Refreshing native plugins compatible for Editor in 0.37 ms, found 4 plugins.
Preloading 1 native plugins for Editor in 0.05 ms.
Unloading 1665 Unused Serialized files (Serialized files now loaded: 0)
System memory in use before: 76.6 MB.
System memory in use after: 76.7 MB.

Unloading 13 unused Assets to reduce memory usage. Loaded Objects now: 2111.
Total: 1.954600 ms (FindLiveObjects: 0.150600 ms CreateObjectMapping: 0.052000 ms MarkObjects: 1.660900 ms  DeleteObjects: 0.090200 ms)

========================================================================
Received Import Request.
  path: Assets
  artifactKey: Guid(00000000000000001000000000000000) Importer(815301076,1909f56bfc062723c751e8b465ee728b)
Start importing Assets using Guid(00000000000000001000000000000000) Importer(815301076,1909f56bfc062723c751e8b465ee728b)  -> (artifact id: '5f6a1853b736837ecfb0820a881449cb') in 0.002945 seconds
  Import took 0.004848 seconds .

========================================================================
Received Import Request.
  Time since last request: 1.954059 seconds.
  path: Assets/Scripts
  artifactKey: Guid(3d9c00d299c70c247a33113b8dc8d9a5) Importer(815301076,1909f56bfc062723c751e8b465ee728b)
Start importing Assets/Scripts using Guid(3d9c00d299c70c247a33113b8dc8d9a5) Importer(815301076,1909f56bfc062723c751e8b465ee728b)  -> (artifact id: 'b62a0d7926528451ab32f3b3d62226d6') in 0.001322 seconds
  Import took 0.003488 seconds .

========================================================================
Received Prepare
Registering precompiled user dll's ...
Registered in 0.001288 seconds.
Begin MonoManager ReloadAssembly
Native extension for WindowsStandalone target not found
Native extension for WebGL target not found
Refreshing native plugins compatible for Editor in 0.51 ms, found 4 plugins.
Preloading 1 native plugins for Editor in 0.05 ms.
NullReferenceException: Object reference not set to an instance of an object
  at Unity.XR.Oculus.OculusLoader.AssetPathToAbsolutePath (System.String assetPath) [0x00048] in F:\Github\AEM-VR-Embodiment\Robor Hand ownership\Library\PackageCache\com.unity.xr.oculus@1.9.1\Runtime\OculusLoader.cs:249 
  at Unity.XR.Oculus.OculusLoader.EditorLoadOVRPlugin () [0x0007b] in F:\Github\AEM-VR-Embodiment\Robor Hand ownership\Library\PackageCache\com.unity.xr.oculus@1.9.1\Runtime\OculusLoader.cs:234 

(Filename: Library/PackageCache/com.unity.xr.oculus@1.9.1/Runtime/OculusLoader.cs Line: 249)

Mono: successfully reloaded assembly
- Completed reload, in  0.717 seconds
Platform modules already initialized, skipping
Refreshing native plugins compatible for Editor in 0.34 ms, found 4 plugins.
Preloading 1 native plugins for Editor in 0.05 ms.
Unloading 1642 Unused Serialized files (Serialized files now loaded: 0)
System memory in use before: 76.2 MB.
System memory in use after: 76.3 MB.

Unloading 6 unused Assets to reduce memory usage. Loaded Objects now: 2115.
Total: 1.761200 ms (FindLiveObjects: 0.167000 ms CreateObjectMapping: 0.044400 ms MarkObjects: 1.511000 ms  DeleteObjects: 0.038100 ms)

========================================================================
Received Import Request.
  Time since last request: 9.709355 seconds.
  path: Assets/Scripts/HMDinfoManager.cs
  artifactKey: Guid(d2a77d5610b758f4eb0af37627b41c13) Importer(815301076,1909f56bfc062723c751e8b465ee728b)
Start importing Assets/Scripts/HMDinfoManager.cs using Guid(d2a77d5610b758f4eb0af37627b41c13) Importer(815301076,1909f56bfc062723c751e8b465ee728b)  -> (artifact id: '820e06ff693812dccc15d8d096f68546') in 0.024362 seconds
  Import took 0.026758 seconds .

========================================================================
Received Prepare
Registering precompiled user dll's ...
Registered in 0.001453 seconds.
Begin MonoManager ReloadAssembly
Native extension for WindowsStandalone target not found
Native extension for WebGL target not found
Refreshing native plugins compatible for Editor in 0.39 ms, found 4 plugins.
Preloading 1 native plugins for Editor in 0.05 ms.
NullReferenceException: Object reference not set to an instance of an object
  at Unity.XR.Oculus.OculusLoader.AssetPathToAbsolutePath (System.String assetPath) [0x00048] in F:\Github\AEM-VR-Embodiment\Robor Hand ownership\Library\PackageCache\com.unity.xr.oculus@1.9.1\Runtime\OculusLoader.cs:249 
  at Unity.XR.Oculus.OculusLoader.EditorLoadOVRPlugin () [0x0007b] in F:\Github\AEM-VR-Embodiment\Robor Hand ownership\Library\PackageCache\com.unity.xr.oculus@1.9.1\Runtime\OculusLoader.cs:234 

(Filename: Library/PackageCache/com.unity.xr.oculus@1.9.1/Runtime/OculusLoader.cs Line: 249)

Mono: successfully reloaded assembly
- Completed reload, in  0.767 seconds
Platform modules already initialized, skipping
Refreshing native plugins compatible for Editor in 0.38 ms, found 4 plugins.
Preloading 1 native plugins for Editor in 0.05 ms.
Unloading 1642 Unused Serialized files (Serialized files now loaded: 0)
System memory in use before: 76.2 MB.
System memory in use after: 76.3 MB.

Unloading 6 unused Assets to reduce memory usage. Loaded Objects now: 2119.
Total: 2.730700 ms (FindLiveObjects: 0.179700 ms CreateObjectMapping: 0.070300 ms MarkObjects: 2.435400 ms  DeleteObjects: 0.044500 ms)

========================================================================
Received Import Request.
  Time since last request: 173.904100 seconds.
  path: Assets/Scripts/HMDinfoManager.cs
  artifactKey: Guid(d2a77d5610b758f4eb0af37627b41c13) Importer(815301076,1909f56bfc062723c751e8b465ee728b)
Start importing Assets/Scripts/HMDinfoManager.cs using Guid(d2a77d5610b758f4eb0af37627b41c13) Importer(815301076,1909f56bfc062723c751e8b465ee728b)  -> (artifact id: '22dc823e3f35cf144b9229a6ebf07ebe') in 0.004351 seconds
  Import took 0.008094 seconds .

========================================================================
Received Import Request.
  Time since last request: 1.353863 seconds.
  path: Assets/Scripts/HMDinfoManager.cs
  artifactKey: Guid(d2a77d5610b758f4eb0af37627b41c13) Importer(815301076,1909f56bfc062723c751e8b465ee728b)
Start importing Assets/Scripts/HMDinfoManager.cs using Guid(d2a77d5610b758f4eb0af37627b41c13) Importer(815301076,1909f56bfc062723c751e8b465ee728b)  -> (artifact id: '22dc823e3f35cf144b9229a6ebf07ebe') in 0.001176 seconds
  Import took 0.003128 seconds .

========================================================================
Received Prepare
Registering precompiled user dll's ...
Registered in 0.001628 seconds.
Begin MonoManager ReloadAssembly
Native extension for WindowsStandalone target not found
Native extension for WebGL target not found
Refreshing native plugins compatible for Editor in 0.35 ms, found 4 plugins.
Preloading 1 native plugins for Editor in 0.05 ms.
NullReferenceException: Object reference not set to an instance of an object
  at Unity.XR.Oculus.OculusLoader.AssetPathToAbsolutePath (System.String assetPath) [0x00048] in F:\Github\AEM-VR-Embodiment\Robor Hand ownership\Library\PackageCache\com.unity.xr.oculus@1.9.1\Runtime\OculusLoader.cs:249 
  at Unity.XR.Oculus.OculusLoader.EditorLoadOVRPlugin () [0x0007b] in F:\Github\AEM-VR-Embodiment\Robor Hand ownership\Library\PackageCache\com.unity.xr.oculus@1.9.1\Runtime\OculusLoader.cs:234 

(Filename: Library/PackageCache/com.unity.xr.oculus@1.9.1/Runtime/OculusLoader.cs Line: 249)

Mono: successfully reloaded assembly
- Completed reload, in  0.705 seconds
Platform modules already initialized, skipping
Refreshing native plugins compatible for Editor in 0.34 ms, found 4 plugins.
Preloading 1 native plugins for Editor in 0.06 ms.
Unloading 1642 Unused Serialized files (Serialized files now loaded: 0)
System memory in use before: 76.3 MB.
System memory in use after: 76.3 MB.

Unloading 6 unused Assets to reduce memory usage. Loaded Objects now: 2123.
Total: 1.805500 ms (FindLiveObjects: 0.158500 ms CreateObjectMapping: 0.037800 ms MarkObjects: 1.573800 ms  DeleteObjects: 0.034900 ms)

========================================================================
Received Prepare
Registering precompiled user dll's ...
Registered in 0.001275 seconds.
Begin MonoManager ReloadAssembly
Native extension for WindowsStandalone target not found
Native extension for WebGL target not found
Refreshing native plugins compatible for Editor in 0.37 ms, found 4 plugins.
Preloading 1 native plugins for Editor in 0.05 ms.
NullReferenceException: Object reference not set to an instance of an object
  at Unity.XR.Oculus.OculusLoader.AssetPathToAbsolutePath (System.String assetPath) [0x00048] in F:\Github\AEM-VR-Embodiment\Robor Hand ownership\Library\PackageCache\com.unity.xr.oculus@1.9.1\Runtime\OculusLoader.cs:249 
  at Unity.XR.Oculus.OculusLoader.EditorLoadOVRPlugin () [0x0007b] in F:\Github\AEM-VR-Embodiment\Robor Hand ownership\Library\PackageCache\com.unity.xr.oculus@1.9.1\Runtime\OculusLoader.cs:234 

(Filename: Library/PackageCache/com.unity.xr.oculus@1.9.1/Runtime/OculusLoader.cs Line: 249)

Mono: successfully reloaded assembly
- Completed reload, in  0.736 seconds
Platform modules already initialized, skipping
Refreshing native plugins compatible for Editor in 0.38 ms, found 4 plugins.
Preloading 1 native plugins for Editor in 0.04 ms.
Unloading 1642 Unused Serialized files (Serialized files now loaded: 0)
System memory in use before: 76.3 MB.
System memory in use after: 76.4 MB.

Unloading 6 unused Assets to reduce memory usage. Loaded Objects now: 2127.
Total: 2.281300 ms (FindLiveObjects: 0.316600 ms CreateObjectMapping: 0.128700 ms MarkObjects: 1.751200 ms  DeleteObjects: 0.083200 ms)

AssetImportWorkerClient::OnTransportError - code=2 error=End of file
